"../../../../../Unreal Projects/SideScroller2d/Content/2dSideScroller/Textures/2DCharacter_IdleAnimAtlas.uasset" 0
"../../../../../Unreal Projects/SideScroller2d/Content/2dSideScroller/Sprites/IdleFrames/IdleCycle1.uasset" 1
"../../../../../Unreal Projects/SideScroller2d/Content/2dSideScroller/Sprites/IdleFrames/IdleCycle2.uasset" 2
"../../../../../Unreal Projects/SideScroller2d/Content/2dSideScroller/Sprites/IdleFrames/IdleCycle3.uasset" 3
"../../../../../Unreal Projects/SideScroller2d/Content/2dSideScroller/Sprites/IdleFrames/IdleCycle4.uasset" 4
"../../../../../Unreal Projects/SideScroller2d/Content/2dSideScroller/Sprites/IdleFrames/IdleCycle5.uasset" 5
"../../../../../Unreal Projects/SideScroller2d/Content/2dSideScroller/Sprites/IdleFrames/IdleCycle6.uasset" 6
"../../../../../Unreal Projects/SideScroller2d/Content/2dSideScroller/Sprites/IdleFrames/IdleCycle7.uasset" 7
"../../../../../Unreal Projects/SideScroller2d/Content/2dSideScroller/Sprites/IdleFrames/IdleCycle8.uasset" 8
"../../../../../Unreal Projects/SideScroller2d/Content/2DSideScroller/Sprites/IdleAnimation.uasset" 9
"../../../../../Unreal Projects/SideScroller2d/Content/2dSideScroller/Textures/2DBackgroundTile.uasset" 10
"../../../../../Unreal Projects/SideScroller2d/Content/2DSideScroller/Materials/PrototypingSpriteMaterial.uasset" 11
"../../../../../Unreal Projects/SideScroller2d/Content/2DSideScroller/Sprites/PrototypingSprite.uasset" 12
"../../../../../Unreal Projects/SideScroller2d/Content/2dSideScroller/Textures/2DCharacter_RunAnimAtlas.uasset" 13
"../../../../../Unreal Projects/SideScroller2d/Content/2dSideScroller/Sprites/RunFrames/RunCycle_1.uasset" 14
"../../../../../Unreal Projects/SideScroller2d/Content/2dSideScroller/Sprites/RunFrames/RunCycle_10.uasset" 15
"../../../../../Unreal Projects/SideScroller2d/Content/2dSideScroller/Sprites/RunFrames/RunCycle_11.uasset" 16
"../../../../../Unreal Projects/SideScroller2d/Content/2dSideScroller/Sprites/RunFrames/RunCycle_12.uasset" 17
"../../../../../Unreal Projects/SideScroller2d/Content/2dSideScroller/Sprites/RunFrames/RunCycle_13.uasset" 18
"../../../../../Unreal Projects/SideScroller2d/Content/2dSideScroller/Sprites/RunFrames/RunCycle_14.uasset" 19
"../../../../../Unreal Projects/SideScroller2d/Content/2dSideScroller/Sprites/RunFrames/RunCycle_15.uasset" 20
"../../../../../Unreal Projects/SideScroller2d/Content/2dSideScroller/Sprites/RunFrames/RunCycle_16.uasset" 21
"../../../../../Unreal Projects/SideScroller2d/Content/2dSideScroller/Sprites/RunFrames/RunCycle_2.uasset" 22
"../../../../../Unreal Projects/SideScroller2d/Content/2dSideScroller/Sprites/RunFrames/RunCycle_3.uasset" 23
"../../../../../Unreal Projects/SideScroller2d/Content/2dSideScroller/Sprites/RunFrames/RunCycle_4.uasset" 24
"../../../../../Unreal Projects/SideScroller2d/Content/2dSideScroller/Sprites/RunFrames/RunCycle_5.uasset" 25
"../../../../../Unreal Projects/SideScroller2d/Content/2dSideScroller/Sprites/RunFrames/RunCycle_6.uasset" 26
"../../../../../Unreal Projects/SideScroller2d/Content/2dSideScroller/Sprites/RunFrames/RunCycle_7.uasset" 27
"../../../../../Unreal Projects/SideScroller2d/Content/2dSideScroller/Sprites/RunFrames/RunCycle_8.uasset" 28
"../../../../../Unreal Projects/SideScroller2d/Content/2dSideScroller/Sprites/RunFrames/RunCycle_9.uasset" 29
"../../../../../Unreal Projects/SideScroller2d/Content/2DSideScroller/Sprites/RunningAnimation.uasset" 30
"../../Plugins/2D/Paper2D/Content/PlaceholderTextures/DummySpriteTexture.uasset" 31
"../../Plugins/2D/Paper2D/Content/DefaultSpriteMaterial.uasset" 32
"../../Plugins/2D/Paper2D/Content/TranslucentUnlitSpriteMaterial.uasset" 33
"../../../../../Unreal Projects/SideScroller2d/Content/2DSideScroller/Sprites/Character/Male_Sprites/Dead/Dead__000_Sprite.uasset" 34
"../../../../../Unreal Projects/SideScroller2d/Content/2DSideScroller/Sprites/Character/Male_Sprites/Dead/Dead__001_Sprite.uasset" 35
"../../../../../Unreal Projects/SideScroller2d/Content/2DSideScroller/Sprites/Character/Male_Sprites/Dead/Dead__002_Sprite.uasset" 36
"../../../../../Unreal Projects/SideScroller2d/Content/2DSideScroller/Sprites/Character/Male_Sprites/Dead/Dead__003_Sprite.uasset" 37
"../../../../../Unreal Projects/SideScroller2d/Content/2DSideScroller/Sprites/Character/Male_Sprites/Dead/Dead__004_Sprite.uasset" 38
"../../../../../Unreal Projects/SideScroller2d/Content/2DSideScroller/Sprites/Character/Male_Sprites/Dead/Dead__005_Sprite.uasset" 39
"../../../../../Unreal Projects/SideScroller2d/Content/2DSideScroller/Sprites/Character/Male_Sprites/Dead/Dead__006_Sprite.uasset" 40
"../../../../../Unreal Projects/SideScroller2d/Content/2DSideScroller/Sprites/Character/Male_Sprites/Dead/Dead__007_Sprite.uasset" 41
"../../../../../Unreal Projects/SideScroller2d/Content/2DSideScroller/Sprites/Character/Male_Sprites/Dead/Dead__008_Sprite.uasset" 42
"../../../../../Unreal Projects/SideScroller2d/Content/2DSideScroller/Sprites/Character/Male_Sprites/Dead/Dead__009_Sprite.uasset" 43
"../../../../../Unreal Projects/SideScroller2d/Content/2DSideScroller/Sprites/Character/Animation_FlipBooks/Male_Animations/Dead.uasset" 44
"../../../../../Unreal Projects/SideScroller2d/Content/2DSideScroller/Sprites/Character/Male_Sprites/Glide/Glide_000_Sprite.uasset" 45
"../../../../../Unreal Projects/SideScroller2d/Content/2DSideScroller/Sprites/Character/Male_Sprites/Glide/Glide_001_Sprite.uasset" 46
"../../../../../Unreal Projects/SideScroller2d/Content/2DSideScroller/Sprites/Character/Male_Sprites/Glide/Glide_002_Sprite.uasset" 47
"../../../../../Unreal Projects/SideScroller2d/Content/2DSideScroller/Sprites/Character/Male_Sprites/Glide/Glide_003_Sprite.uasset" 48
"../../../../../Unreal Projects/SideScroller2d/Content/2DSideScroller/Sprites/Character/Male_Sprites/Glide/Glide_004_Sprite.uasset" 49
"../../../../../Unreal Projects/SideScroller2d/Content/2DSideScroller/Sprites/Character/Male_Sprites/Glide/Glide_005_Sprite.uasset" 50
"../../../../../Unreal Projects/SideScroller2d/Content/2DSideScroller/Sprites/Character/Male_Sprites/Glide/Glide_006_Sprite.uasset" 51
"../../../../../Unreal Projects/SideScroller2d/Content/2DSideScroller/Sprites/Character/Male_Sprites/Glide/Glide_007_Sprite.uasset" 52
"../../../../../Unreal Projects/SideScroller2d/Content/2DSideScroller/Sprites/Character/Male_Sprites/Glide/Glide_008_Sprite.uasset" 53
"../../../../../Unreal Projects/SideScroller2d/Content/2DSideScroller/Sprites/Character/Male_Sprites/Glide/Glide_009_Sprite.uasset" 54
"../../../../../Unreal Projects/SideScroller2d/Content/2DSideScroller/Sprites/Character/Animation_FlipBooks/Male_Animations/Glide.uasset" 55
"../../../../../Unreal Projects/SideScroller2d/Content/2DSideScroller/Sprites/Character/Male_Sprites/Slide/Slide__000_Sprite.uasset" 56
"../../../../../Unreal Projects/SideScroller2d/Content/2DSideScroller/Sprites/Character/Male_Sprites/Slide/Slide__001_Sprite.uasset" 57
"../../../../../Unreal Projects/SideScroller2d/Content/2DSideScroller/Sprites/Character/Male_Sprites/Slide/Slide__002_Sprite.uasset" 58
"../../../../../Unreal Projects/SideScroller2d/Content/2DSideScroller/Sprites/Character/Male_Sprites/Slide/Slide__003_Sprite.uasset" 59
"../../../../../Unreal Projects/SideScroller2d/Content/2DSideScroller/Sprites/Character/Male_Sprites/Slide/Slide__004_Sprite.uasset" 60
"../../../../../Unreal Projects/SideScroller2d/Content/2DSideScroller/Sprites/Character/Male_Sprites/Slide/Slide__005_Sprite.uasset" 61
"../../../../../Unreal Projects/SideScroller2d/Content/2DSideScroller/Sprites/Character/Male_Sprites/Slide/Slide__006_Sprite.uasset" 62
"../../../../../Unreal Projects/SideScroller2d/Content/2DSideScroller/Sprites/Character/Male_Sprites/Slide/Slide__007_Sprite.uasset" 63
"../../../../../Unreal Projects/SideScroller2d/Content/2DSideScroller/Sprites/Character/Male_Sprites/Slide/Slide__008_Sprite.uasset" 64
"../../../../../Unreal Projects/SideScroller2d/Content/2DSideScroller/Sprites/Character/Male_Sprites/Slide/Slide__009_Sprite.uasset" 65
"../../../../../Unreal Projects/SideScroller2d/Content/2DSideScroller/Sprites/Character/Animation_FlipBooks/Male_Animations/Slide.uasset" 66
"../../../../../Unreal Projects/SideScroller2d/Content/2DSideScroller/Sprites/Character/Male_Sprites/Attack/Attack__000.uasset" 67
"../../../../../Unreal Projects/SideScroller2d/Content/2DSideScroller/Sprites/Character/Male_Sprites/Attack/Attack__001.uasset" 68
"../../../../../Unreal Projects/SideScroller2d/Content/2DSideScroller/Sprites/Character/Male_Sprites/Attack/Attack__002.uasset" 69
"../../../../../Unreal Projects/SideScroller2d/Content/2DSideScroller/Sprites/Character/Male_Sprites/Attack/Attack__003.uasset" 70
"../../../../../Unreal Projects/SideScroller2d/Content/2DSideScroller/Sprites/Character/Male_Sprites/Attack/Attack__004.uasset" 71
"../../../../../Unreal Projects/SideScroller2d/Content/2DSideScroller/Sprites/Character/Male_Sprites/Attack/Attack__005.uasset" 72
"../../../../../Unreal Projects/SideScroller2d/Content/2DSideScroller/Sprites/Character/Male_Sprites/Attack/Attack__006.uasset" 73
"../../../../../Unreal Projects/SideScroller2d/Content/2DSideScroller/Sprites/Character/Male_Sprites/Attack/Attack__007.uasset" 74
"../../../../../Unreal Projects/SideScroller2d/Content/2DSideScroller/Sprites/Character/Male_Sprites/Attack/Attack__008.uasset" 75
"../../../../../Unreal Projects/SideScroller2d/Content/2DSideScroller/Sprites/Character/Male_Sprites/Attack/Attack__009.uasset" 76
"../../../../../Unreal Projects/SideScroller2d/Content/2DSideScroller/Sprites/Character/Male_Sprites/Dead/Dead__000.uasset" 77
"../../../../../Unreal Projects/SideScroller2d/Content/2DSideScroller/Sprites/Character/Male_Sprites/Dead/Dead__001.uasset" 78
"../../../../../Unreal Projects/SideScroller2d/Content/2DSideScroller/Sprites/Character/Male_Sprites/Dead/Dead__002.uasset" 79
"../../../../../Unreal Projects/SideScroller2d/Content/2DSideScroller/Sprites/Character/Male_Sprites/Dead/Dead__003.uasset" 80
"../../../../../Unreal Projects/SideScroller2d/Content/2DSideScroller/Sprites/Character/Male_Sprites/Dead/Dead__004.uasset" 81
"../../../../../Unreal Projects/SideScroller2d/Content/2DSideScroller/Sprites/Character/Male_Sprites/Dead/Dead__005.uasset" 82
"../../../../../Unreal Projects/SideScroller2d/Content/2DSideScroller/Sprites/Character/Male_Sprites/Dead/Dead__006.uasset" 83
"../../../../../Unreal Projects/SideScroller2d/Content/2DSideScroller/Sprites/Character/Male_Sprites/Dead/Dead__007.uasset" 84
"../../../../../Unreal Projects/SideScroller2d/Content/2DSideScroller/Sprites/Character/Male_Sprites/Dead/Dead__008.uasset" 85
"../../../../../Unreal Projects/SideScroller2d/Content/2DSideScroller/Sprites/Character/Male_Sprites/Dead/Dead__009.uasset" 86
"../../../../../Unreal Projects/SideScroller2d/Content/2DSideScroller/Sprites/Character/Male_Sprites/Glide/Glide_000.uasset" 87
"../../../../../Unreal Projects/SideScroller2d/Content/2DSideScroller/Sprites/Character/Male_Sprites/Glide/Glide_001.uasset" 88
"../../../../../Unreal Projects/SideScroller2d/Content/2DSideScroller/Sprites/Character/Male_Sprites/Glide/Glide_002.uasset" 89
"../../../../../Unreal Projects/SideScroller2d/Content/2DSideScroller/Sprites/Character/Male_Sprites/Glide/Glide_003.uasset" 90
"../../../../../Unreal Projects/SideScroller2d/Content/2DSideScroller/Sprites/Character/Male_Sprites/Glide/Glide_004.uasset" 91
"../../../../../Unreal Projects/SideScroller2d/Content/2DSideScroller/Sprites/Character/Male_Sprites/Glide/Glide_005.uasset" 92
"../../../../../Unreal Projects/SideScroller2d/Content/2DSideScroller/Sprites/Character/Male_Sprites/Glide/Glide_006.uasset" 93
"../../../../../Unreal Projects/SideScroller2d/Content/2DSideScroller/Sprites/Character/Male_Sprites/Glide/Glide_007.uasset" 94
"../../../../../Unreal Projects/SideScroller2d/Content/2DSideScroller/Sprites/Character/Male_Sprites/Glide/Glide_008.uasset" 95
"../../../../../Unreal Projects/SideScroller2d/Content/2DSideScroller/Sprites/Character/Male_Sprites/Glide/Glide_009.uasset" 96
"../../../../../Unreal Projects/SideScroller2d/Content/2DSideScroller/Sprites/Character/Male_Sprites/Idel/Idle__000.uasset" 97
"../../../../../Unreal Projects/SideScroller2d/Content/2DSideScroller/Sprites/Character/Male_Sprites/Idel/Idle__001.uasset" 98
"../../../../../Unreal Projects/SideScroller2d/Content/2DSideScroller/Sprites/Character/Male_Sprites/Idel/Idle__002.uasset" 99
"../../../../../Unreal Projects/SideScroller2d/Content/2DSideScroller/Sprites/Character/Male_Sprites/Idel/Idle__003.uasset" 100
"../../../../../Unreal Projects/SideScroller2d/Content/2DSideScroller/Sprites/Character/Male_Sprites/Idel/Idle__004.uasset" 101
"../../../../../Unreal Projects/SideScroller2d/Content/2DSideScroller/Sprites/Character/Male_Sprites/Idel/Idle__005.uasset" 102
"../../../../../Unreal Projects/SideScroller2d/Content/2DSideScroller/Sprites/Character/Male_Sprites/Idel/Idle__006.uasset" 103
"../../../../../Unreal Projects/SideScroller2d/Content/2DSideScroller/Sprites/Character/Male_Sprites/Idel/Idle__007.uasset" 104
"../../../../../Unreal Projects/SideScroller2d/Content/2DSideScroller/Sprites/Character/Male_Sprites/Idel/Idle__008.uasset" 105
"../../../../../Unreal Projects/SideScroller2d/Content/2DSideScroller/Sprites/Character/Male_Sprites/Idel/Idle__008_Sprite.uasset" 106
"../../../../../Unreal Projects/SideScroller2d/Content/2DSideScroller/Sprites/Character/Male_Sprites/Idel/Idle__009.uasset" 107
"../../../../../Unreal Projects/SideScroller2d/Content/2DSideScroller/Sprites/Character/Male_Sprites/Jump/Jump__000.uasset" 108
"../../../../../Unreal Projects/SideScroller2d/Content/2DSideScroller/Sprites/Character/Male_Sprites/Jump/Jump__001.uasset" 109
"../../../../../Unreal Projects/SideScroller2d/Content/2DSideScroller/Sprites/Character/Male_Sprites/Jump/Jump__002.uasset" 110
"../../../../../Unreal Projects/SideScroller2d/Content/2DSideScroller/Sprites/Character/Male_Sprites/Jump/Jump__003.uasset" 111
"../../../../../Unreal Projects/SideScroller2d/Content/2DSideScroller/Sprites/Character/Male_Sprites/Jump/Jump__004.uasset" 112
"../../../../../Unreal Projects/SideScroller2d/Content/2DSideScroller/Sprites/Character/Male_Sprites/Jump/Jump__005.uasset" 113
"../../../../../Unreal Projects/SideScroller2d/Content/2DSideScroller/Sprites/Character/Male_Sprites/Jump/Jump__006.uasset" 114
"../../../../../Unreal Projects/SideScroller2d/Content/2DSideScroller/Sprites/Character/Male_Sprites/Jump/Jump__007.uasset" 115
"../../../../../Unreal Projects/SideScroller2d/Content/2DSideScroller/Sprites/Character/Male_Sprites/Jump/Jump__008.uasset" 116
"../../../../../Unreal Projects/SideScroller2d/Content/2DSideScroller/Sprites/Character/Male_Sprites/Jump/Jump__009.uasset" 117
"../../../../../Unreal Projects/SideScroller2d/Content/2DSideScroller/Sprites/Character/Male_Sprites/Jump_Attack/Jump_Attack__000.uasset" 118
"../../../../../Unreal Projects/SideScroller2d/Content/2DSideScroller/Sprites/Character/Male_Sprites/Jump_Attack/Jump_Attack__001.uasset" 119
"../../../../../Unreal Projects/SideScroller2d/Content/2DSideScroller/Sprites/Character/Male_Sprites/Jump_Attack/Jump_Attack__002.uasset" 120
"../../../../../Unreal Projects/SideScroller2d/Content/2DSideScroller/Sprites/Character/Male_Sprites/Jump_Attack/Jump_Attack__003.uasset" 121
"../../../../../Unreal Projects/SideScroller2d/Content/2DSideScroller/Sprites/Character/Male_Sprites/Jump_Attack/Jump_Attack__004.uasset" 122
"../../../../../Unreal Projects/SideScroller2d/Content/2DSideScroller/Sprites/Character/Male_Sprites/Jump_Attack/Jump_Attack__005.uasset" 123
"../../../../../Unreal Projects/SideScroller2d/Content/2DSideScroller/Sprites/Character/Male_Sprites/Jump_Attack/Jump_Attack__006.uasset" 124
"../../../../../Unreal Projects/SideScroller2d/Content/2DSideScroller/Sprites/Character/Male_Sprites/Jump_Attack/Jump_Attack__007.uasset" 125
"../../../../../Unreal Projects/SideScroller2d/Content/2DSideScroller/Sprites/Character/Male_Sprites/Jump_Attack/Jump_Attack__008.uasset" 126
"../../../../../Unreal Projects/SideScroller2d/Content/2DSideScroller/Sprites/Character/Male_Sprites/Jump_Attack/Jump_Attack__009.uasset" 127
"../../../../../Unreal Projects/SideScroller2d/Content/2DSideScroller/Sprites/Character/Male_Sprites/Jump_Throw/Jump_Throw__000.uasset" 128
"../../../../../Unreal Projects/SideScroller2d/Content/2DSideScroller/Sprites/Character/Male_Sprites/Jump_Throw/Jump_Throw__001.uasset" 129
"../../../../../Unreal Projects/SideScroller2d/Content/2DSideScroller/Sprites/Character/Male_Sprites/Jump_Throw/Jump_Throw__002.uasset" 130
"../../../../../Unreal Projects/SideScroller2d/Content/2DSideScroller/Sprites/Character/Male_Sprites/Jump_Throw/Jump_Throw__003.uasset" 131
"../../../../../Unreal Projects/SideScroller2d/Content/2DSideScroller/Sprites/Character/Male_Sprites/Jump_Throw/Jump_Throw__004.uasset" 132
"../../../../../Unreal Projects/SideScroller2d/Content/2DSideScroller/Sprites/Character/Male_Sprites/Jump_Throw/Jump_Throw__005.uasset" 133
"../../../../../Unreal Projects/SideScroller2d/Content/2DSideScroller/Sprites/Character/Male_Sprites/Jump_Throw/Jump_Throw__006.uasset" 134
"../../../../../Unreal Projects/SideScroller2d/Content/2DSideScroller/Sprites/Character/Male_Sprites/Jump_Throw/Jump_Throw__007.uasset" 135
"../../../../../Unreal Projects/SideScroller2d/Content/2DSideScroller/Sprites/Character/Male_Sprites/Jump_Throw/Jump_Throw__008.uasset" 136
"../../../../../Unreal Projects/SideScroller2d/Content/2DSideScroller/Sprites/Character/Male_Sprites/Jump_Throw/Jump_Throw__009.uasset" 137
"../../../../../Unreal Projects/SideScroller2d/Content/2DSideScroller/Sprites/Character/Male_Sprites/Running/Run__000.uasset" 138
"../../../../../Unreal Projects/SideScroller2d/Content/2DSideScroller/Sprites/Character/Male_Sprites/Running/Run__001.uasset" 139
"../../../../../Unreal Projects/SideScroller2d/Content/2DSideScroller/Sprites/Character/Male_Sprites/Running/Run__002.uasset" 140
"../../../../../Unreal Projects/SideScroller2d/Content/2DSideScroller/Sprites/Character/Male_Sprites/Running/Run__003.uasset" 141
"../../../../../Unreal Projects/SideScroller2d/Content/2DSideScroller/Sprites/Character/Male_Sprites/Running/Run__004.uasset" 142
"../../../../../Unreal Projects/SideScroller2d/Content/2DSideScroller/Sprites/Character/Male_Sprites/Running/Run__005.uasset" 143
"../../../../../Unreal Projects/SideScroller2d/Content/2DSideScroller/Sprites/Character/Male_Sprites/Running/Run__006.uasset" 144
"../../../../../Unreal Projects/SideScroller2d/Content/2DSideScroller/Sprites/Character/Male_Sprites/Running/Run__007.uasset" 145
"../../../../../Unreal Projects/SideScroller2d/Content/2DSideScroller/Sprites/Character/Male_Sprites/Running/Run__008.uasset" 146
"../../../../../Unreal Projects/SideScroller2d/Content/2DSideScroller/Sprites/Character/Male_Sprites/Running/Run__009.uasset" 147
"../../../../../Unreal Projects/SideScroller2d/Content/2DSideScroller/Sprites/Character/Male_Sprites/Slide/Slide__000.uasset" 148
"../../../../../Unreal Projects/SideScroller2d/Content/2DSideScroller/Sprites/Character/Male_Sprites/Slide/Slide__001.uasset" 149
"../../../../../Unreal Projects/SideScroller2d/Content/2DSideScroller/Sprites/Character/Male_Sprites/Slide/Slide__002.uasset" 150
"../../../../../Unreal Projects/SideScroller2d/Content/2DSideScroller/Sprites/Character/Male_Sprites/Slide/Slide__003.uasset" 151
"../../../../../Unreal Projects/SideScroller2d/Content/2DSideScroller/Sprites/Character/Male_Sprites/Slide/Slide__004.uasset" 152
"../../../../../Unreal Projects/SideScroller2d/Content/2DSideScroller/Sprites/Character/Male_Sprites/Slide/Slide__005.uasset" 153
"../../../../../Unreal Projects/SideScroller2d/Content/2DSideScroller/Sprites/Character/Male_Sprites/Slide/Slide__006.uasset" 154
"../../../../../Unreal Projects/SideScroller2d/Content/2DSideScroller/Sprites/Character/Male_Sprites/Slide/Slide__007.uasset" 155
"../../../../../Unreal Projects/SideScroller2d/Content/2DSideScroller/Sprites/Character/Male_Sprites/Slide/Slide__008.uasset" 156
"../../../../../Unreal Projects/SideScroller2d/Content/2DSideScroller/Sprites/Character/Male_Sprites/Slide/Slide__009.uasset" 157
"../../../../../Unreal Projects/SideScroller2d/Content/2DSideScroller/Sprites/Character/Male_Sprites/Throw/Throw__000.uasset" 158
"../../../../../Unreal Projects/SideScroller2d/Content/2DSideScroller/Sprites/Character/Male_Sprites/Throw/Throw__001.uasset" 159
"../../../../../Unreal Projects/SideScroller2d/Content/2DSideScroller/Sprites/Character/Male_Sprites/Throw/Throw__002.uasset" 160
"../../../../../Unreal Projects/SideScroller2d/Content/2DSideScroller/Sprites/Character/Male_Sprites/Throw/Throw__003.uasset" 161
"../../../../../Unreal Projects/SideScroller2d/Content/2DSideScroller/Sprites/Character/Male_Sprites/Throw/Throw__004.uasset" 162
"../../../../../Unreal Projects/SideScroller2d/Content/2DSideScroller/Sprites/Character/Male_Sprites/Throw/Throw__005.uasset" 163
"../../../../../Unreal Projects/SideScroller2d/Content/2DSideScroller/Sprites/Character/Male_Sprites/Throw/Throw__006.uasset" 164
"../../../../../Unreal Projects/SideScroller2d/Content/2DSideScroller/Sprites/Character/Male_Sprites/Throw/Throw__007.uasset" 165
"../../../../../Unreal Projects/SideScroller2d/Content/2DSideScroller/Sprites/Character/Male_Sprites/Throw/Throw__008.uasset" 166
"../../../../../Unreal Projects/SideScroller2d/Content/2DSideScroller/Sprites/Character/Male_Sprites/Throw/Throw__009.uasset" 167
"../../../../../Unreal Projects/SideScroller2d/Content/2DSideScrollerBP/2DSideScrollerOverview.uasset" 168
"../../../Engine/Content/EditorBlueprintResources/StandardMacros.uasset" 169
"../../../../../Unreal Projects/SideScroller2d/Content/Items/Kunai/Kunai_Sprite.uasset" 170
"../../../../../Unreal Projects/SideScroller2d/Content/Items/Kunai/Kunai_BP.uasset" 171
"../../../../../Unreal Projects/SideScroller2d/Content/2DSideScroller/Sprites/Character/Male_Sprites/Attack/Attack__000_Sprite.uasset" 172
"../../../../../Unreal Projects/SideScroller2d/Content/2DSideScroller/Sprites/Character/Male_Sprites/Attack/Attack__001_Sprite.uasset" 173
"../../../../../Unreal Projects/SideScroller2d/Content/2DSideScroller/Sprites/Character/Male_Sprites/Attack/Attack__002_Sprite.uasset" 174
"../../../../../Unreal Projects/SideScroller2d/Content/2DSideScroller/Sprites/Character/Male_Sprites/Attack/Attack__003_Sprite.uasset" 175
"../../../../../Unreal Projects/SideScroller2d/Content/2DSideScroller/Sprites/Character/Male_Sprites/Attack/Attack__004_Sprite.uasset" 176
"../../../../../Unreal Projects/SideScroller2d/Content/2DSideScroller/Sprites/Character/Male_Sprites/Attack/Attack__005_Sprite.uasset" 177
"../../../../../Unreal Projects/SideScroller2d/Content/2DSideScroller/Sprites/Character/Male_Sprites/Attack/Attack__006_Sprite.uasset" 178
"../../../../../Unreal Projects/SideScroller2d/Content/2DSideScroller/Sprites/Character/Male_Sprites/Attack/Attack__007_Sprite.uasset" 179
"../../../../../Unreal Projects/SideScroller2d/Content/2DSideScroller/Sprites/Character/Male_Sprites/Attack/Attack__008_Sprite.uasset" 180
"../../../../../Unreal Projects/SideScroller2d/Content/2DSideScroller/Sprites/Character/Male_Sprites/Attack/Attack__009_Sprite.uasset" 181
"../../../../../Unreal Projects/SideScroller2d/Content/2DSideScroller/Sprites/Character/Animation_FlipBooks/Male_Animations/Attack.uasset" 182
"../../../../../Unreal Projects/SideScroller2d/Content/2DSideScroller/Sprites/Character/Male_Sprites/Idel/Idle__000_Sprite.uasset" 183
"../../../../../Unreal Projects/SideScroller2d/Content/2DSideScroller/Sprites/Character/Male_Sprites/Idel/Idle__001_Sprite.uasset" 184
"../../../../../Unreal Projects/SideScroller2d/Content/2DSideScroller/Sprites/Character/Male_Sprites/Idel/Idle__002_Sprite.uasset" 185
"../../../../../Unreal Projects/SideScroller2d/Content/2DSideScroller/Sprites/Character/Male_Sprites/Idel/Idle__003_Sprite.uasset" 186
"../../../../../Unreal Projects/SideScroller2d/Content/2DSideScroller/Sprites/Character/Male_Sprites/Idel/Idle__004_Sprite.uasset" 187
"../../../../../Unreal Projects/SideScroller2d/Content/2DSideScroller/Sprites/Character/Male_Sprites/Idel/Idle__005_Sprite.uasset" 188
"../../../../../Unreal Projects/SideScroller2d/Content/2DSideScroller/Sprites/Character/Male_Sprites/Idel/Idle__006_Sprite.uasset" 189
"../../../../../Unreal Projects/SideScroller2d/Content/2DSideScroller/Sprites/Character/Male_Sprites/Idel/Idle__007_Sprite.uasset" 190
"../../../../../Unreal Projects/SideScroller2d/Content/2DSideScroller/Sprites/Character/Male_Sprites/Idel/Idle__009_Sprite.uasset" 191
"../../../../../Unreal Projects/SideScroller2d/Content/2DSideScroller/Sprites/Character/Animation_FlipBooks/Male_Animations/Idle.uasset" 192
"../../../../../Unreal Projects/SideScroller2d/Content/2DSideScroller/Sprites/Character/Male_Sprites/Jump/Jump__000_Sprite.uasset" 193
"../../../../../Unreal Projects/SideScroller2d/Content/2DSideScroller/Sprites/Character/Male_Sprites/Jump/Jump__001_Sprite.uasset" 194
"../../../../../Unreal Projects/SideScroller2d/Content/2DSideScroller/Sprites/Character/Male_Sprites/Jump/Jump__002_Sprite.uasset" 195
"../../../../../Unreal Projects/SideScroller2d/Content/2DSideScroller/Sprites/Character/Male_Sprites/Jump/Jump__003_Sprite.uasset" 196
"../../../../../Unreal Projects/SideScroller2d/Content/2DSideScroller/Sprites/Character/Male_Sprites/Jump/Jump__004_Sprite.uasset" 197
"../../../../../Unreal Projects/SideScroller2d/Content/2DSideScroller/Sprites/Character/Male_Sprites/Jump/Jump__005_Sprite.uasset" 198
"../../../../../Unreal Projects/SideScroller2d/Content/2DSideScroller/Sprites/Character/Male_Sprites/Jump/Jump__006_Sprite.uasset" 199
"../../../../../Unreal Projects/SideScroller2d/Content/2DSideScroller/Sprites/Character/Male_Sprites/Jump/Jump__007_Sprite.uasset" 200
"../../../../../Unreal Projects/SideScroller2d/Content/2DSideScroller/Sprites/Character/Male_Sprites/Jump/Jump__008_Sprite.uasset" 201
"../../../../../Unreal Projects/SideScroller2d/Content/2DSideScroller/Sprites/Character/Male_Sprites/Jump/Jump__009_Sprite.uasset" 202
"../../../../../Unreal Projects/SideScroller2d/Content/2DSideScroller/Sprites/Character/Animation_FlipBooks/Male_Animations/Jump.uasset" 203
"../../../../../Unreal Projects/SideScroller2d/Content/2DSideScroller/Sprites/Character/Male_Sprites/Jump_Attack/Jump_Attack__000_Sprite.uasset" 204
"../../../../../Unreal Projects/SideScroller2d/Content/2DSideScroller/Sprites/Character/Male_Sprites/Jump_Attack/Jump_Attack__001_Sprite.uasset" 205
"../../../../../Unreal Projects/SideScroller2d/Content/2DSideScroller/Sprites/Character/Male_Sprites/Jump_Attack/Jump_Attack__002_Sprite.uasset" 206
"../../../../../Unreal Projects/SideScroller2d/Content/2DSideScroller/Sprites/Character/Male_Sprites/Jump_Attack/Jump_Attack__003_Sprite.uasset" 207
"../../../../../Unreal Projects/SideScroller2d/Content/2DSideScroller/Sprites/Character/Male_Sprites/Jump_Attack/Jump_Attack__004_Sprite.uasset" 208
"../../../../../Unreal Projects/SideScroller2d/Content/2DSideScroller/Sprites/Character/Male_Sprites/Jump_Attack/Jump_Attack__005_Sprite.uasset" 209
"../../../../../Unreal Projects/SideScroller2d/Content/2DSideScroller/Sprites/Character/Male_Sprites/Jump_Attack/Jump_Attack__006_Sprite.uasset" 210
"../../../../../Unreal Projects/SideScroller2d/Content/2DSideScroller/Sprites/Character/Male_Sprites/Jump_Attack/Jump_Attack__007_Sprite.uasset" 211
"../../../../../Unreal Projects/SideScroller2d/Content/2DSideScroller/Sprites/Character/Male_Sprites/Jump_Attack/Jump_Attack__008_Sprite.uasset" 212
"../../../../../Unreal Projects/SideScroller2d/Content/2DSideScroller/Sprites/Character/Male_Sprites/Jump_Attack/Jump_Attack__009_Sprite.uasset" 213
"../../../../../Unreal Projects/SideScroller2d/Content/2DSideScroller/Sprites/Character/Animation_FlipBooks/Male_Animations/Jump_Attack.uasset" 214
"../../../../../Unreal Projects/SideScroller2d/Content/2DSideScroller/Sprites/Character/Male_Sprites/Jump_Throw/Jump_Throw__000_Sprite.uasset" 215
"../../../../../Unreal Projects/SideScroller2d/Content/2DSideScroller/Sprites/Character/Male_Sprites/Jump_Throw/Jump_Throw__001_Sprite.uasset" 216
"../../../../../Unreal Projects/SideScroller2d/Content/2DSideScroller/Sprites/Character/Male_Sprites/Jump_Throw/Jump_Throw__002_Sprite.uasset" 217
"../../../../../Unreal Projects/SideScroller2d/Content/2DSideScroller/Sprites/Character/Male_Sprites/Jump_Throw/Jump_Throw__003_Sprite.uasset" 218
"../../../../../Unreal Projects/SideScroller2d/Content/2DSideScroller/Sprites/Character/Male_Sprites/Jump_Throw/Jump_Throw__004_Sprite.uasset" 219
"../../../../../Unreal Projects/SideScroller2d/Content/2DSideScroller/Sprites/Character/Male_Sprites/Jump_Throw/Jump_Throw__005_Sprite.uasset" 220
"../../../../../Unreal Projects/SideScroller2d/Content/2DSideScroller/Sprites/Character/Male_Sprites/Jump_Throw/Jump_Throw__006_Sprite.uasset" 221
"../../../../../Unreal Projects/SideScroller2d/Content/2DSideScroller/Sprites/Character/Male_Sprites/Jump_Throw/Jump_Throw__007_Sprite.uasset" 222
"../../../../../Unreal Projects/SideScroller2d/Content/2DSideScroller/Sprites/Character/Male_Sprites/Jump_Throw/Jump_Throw__008_Sprite.uasset" 223
"../../../../../Unreal Projects/SideScroller2d/Content/2DSideScroller/Sprites/Character/Male_Sprites/Jump_Throw/Jump_Throw__009_Sprite.uasset" 224
"../../../../../Unreal Projects/SideScroller2d/Content/2DSideScroller/Sprites/Character/Animation_FlipBooks/Male_Animations/Jump_Throw.uasset" 225
"../../../../../Unreal Projects/SideScroller2d/Content/2DSideScroller/Sprites/Character/Male_Sprites/Running/Run__000_Sprite.uasset" 226
"../../../../../Unreal Projects/SideScroller2d/Content/2DSideScroller/Sprites/Character/Male_Sprites/Running/Run__001_Sprite.uasset" 227
"../../../../../Unreal Projects/SideScroller2d/Content/2DSideScroller/Sprites/Character/Male_Sprites/Running/Run__002_Sprite.uasset" 228
"../../../../../Unreal Projects/SideScroller2d/Content/2DSideScroller/Sprites/Character/Male_Sprites/Running/Run__003_Sprite.uasset" 229
"../../../../../Unreal Projects/SideScroller2d/Content/2DSideScroller/Sprites/Character/Male_Sprites/Running/Run__004_Sprite.uasset" 230
"../../../../../Unreal Projects/SideScroller2d/Content/2DSideScroller/Sprites/Character/Male_Sprites/Running/Run__005_Sprite.uasset" 231
"../../../../../Unreal Projects/SideScroller2d/Content/2DSideScroller/Sprites/Character/Male_Sprites/Running/Run__006_Sprite.uasset" 232
"../../../../../Unreal Projects/SideScroller2d/Content/2DSideScroller/Sprites/Character/Male_Sprites/Running/Run__007_Sprite.uasset" 233
"../../../../../Unreal Projects/SideScroller2d/Content/2DSideScroller/Sprites/Character/Male_Sprites/Running/Run__008_Sprite.uasset" 234
"../../../../../Unreal Projects/SideScroller2d/Content/2DSideScroller/Sprites/Character/Male_Sprites/Running/Run__009_Sprite.uasset" 235
"../../../../../Unreal Projects/SideScroller2d/Content/2DSideScroller/Sprites/Character/Animation_FlipBooks/Male_Animations/Running.uasset" 236
"../../../../../Unreal Projects/SideScroller2d/Content/2DSideScroller/Sprites/Character/Male_Sprites/Throw/Throw__000_Sprite.uasset" 237
"../../../../../Unreal Projects/SideScroller2d/Content/2DSideScroller/Sprites/Character/Male_Sprites/Throw/Throw__001_Sprite.uasset" 238
"../../../../../Unreal Projects/SideScroller2d/Content/2DSideScroller/Sprites/Character/Male_Sprites/Throw/Throw__002_Sprite.uasset" 239
"../../../../../Unreal Projects/SideScroller2d/Content/2DSideScroller/Sprites/Character/Male_Sprites/Throw/Throw__003_Sprite.uasset" 240
"../../../../../Unreal Projects/SideScroller2d/Content/2DSideScroller/Sprites/Character/Male_Sprites/Throw/Throw__004_Sprite.uasset" 241
"../../../../../Unreal Projects/SideScroller2d/Content/2DSideScroller/Sprites/Character/Male_Sprites/Throw/Throw__005_Sprite.uasset" 242
"../../../../../Unreal Projects/SideScroller2d/Content/2DSideScroller/Sprites/Character/Male_Sprites/Throw/Throw__006_Sprite.uasset" 243
"../../../../../Unreal Projects/SideScroller2d/Content/2DSideScroller/Sprites/Character/Male_Sprites/Throw/Throw__007_Sprite.uasset" 244
"../../../../../Unreal Projects/SideScroller2d/Content/2DSideScroller/Sprites/Character/Male_Sprites/Throw/Throw__008_Sprite.uasset" 245
"../../../../../Unreal Projects/SideScroller2d/Content/2DSideScroller/Sprites/Character/Male_Sprites/Throw/Throw__009_Sprite.uasset" 246
"../../../../../Unreal Projects/SideScroller2d/Content/2DSideScroller/Sprites/Character/Animation_FlipBooks/Male_Animations/Throw.uasset" 247
"../../../../../Unreal Projects/SideScroller2d/Content/2DSideScroller/Sprites/Character/2DSideScrollerCharacter.uasset" 248
"../../../../../Unreal Projects/SideScroller2d/Content/2DSideScrollerBP/Blueprints/2DSideScrollerCharacter.uasset" 249
"../../../../../Unreal Projects/SideScroller2d/Content/Items/Kunai/Kunai.uasset" 250
"../../../../../Unreal Projects/SideScroller2d/Content/logo/Logo.uasset" 251
"../../../../../Unreal Projects/SideScroller2d/Content/StarterContent/Materials/M_Basic_Wall.uasset" 252
"../../../../../Unreal Projects/SideScroller2d/Content/StarterContent/Architecture/Pillar_50x500.uasset" 253
"../../../../../Unreal Projects/SideScroller2d/Content/StarterContent/Architecture/Wall_400x300.uasset" 254
"../../../../../Unreal Projects/SideScroller2d/Content/StarterContent/Architecture/Wall_400x400.uasset" 255
"../../../../../Unreal Projects/SideScroller2d/Content/StarterContent/Architecture/Wall_500x500.uasset" 256
"../../../../../Unreal Projects/SideScroller2d/Content/StarterContent/Architecture/Wall_Door_400x400.uasset" 257
"../../../../../Unreal Projects/SideScroller2d/Content/StarterContent/Architecture/Wall_Window_400x400.uasset" 258
"../../../../../Unreal Projects/SideScroller2d/Content/StarterContent/Audio/Collapse01.uasset" 259
"../../../../../Unreal Projects/SideScroller2d/Content/StarterContent/Audio/Collapse02.uasset" 260
"../../../../../Unreal Projects/SideScroller2d/Content/StarterContent/Audio/Explosion01.uasset" 261
"../../../../../Unreal Projects/SideScroller2d/Content/StarterContent/Audio/Explosion02.uasset" 262
"../../../../../Unreal Projects/SideScroller2d/Content/StarterContent/Audio/Fire01.uasset" 263
"../../../../../Unreal Projects/SideScroller2d/Content/StarterContent/Audio/Fire_Sparks01.uasset" 264
"../../../../../Unreal Projects/SideScroller2d/Content/StarterContent/Audio/Light01.uasset" 265
"../../../../../Unreal Projects/SideScroller2d/Content/StarterContent/Audio/Light01_Cue.uasset" 266
"../../../../../Unreal Projects/SideScroller2d/Content/StarterContent/Audio/Light02.uasset" 267
"../../../../../Unreal Projects/SideScroller2d/Content/StarterContent/Audio/Light02_Cue.uasset" 268
"../../../../../Unreal Projects/SideScroller2d/Content/StarterContent/Audio/Smoke01.uasset" 269
"../../../../../Unreal Projects/SideScroller2d/Content/StarterContent/Audio/Starter_Birds01.uasset" 270
"../../../../../Unreal Projects/SideScroller2d/Content/StarterContent/Audio/Starter_Music01.uasset" 271
"../../../../../Unreal Projects/SideScroller2d/Content/StarterContent/Audio/Starter_Wind05.uasset" 272
"../../../../../Unreal Projects/SideScroller2d/Content/StarterContent/Audio/Starter_Wind06.uasset" 273
"../../../../../Unreal Projects/SideScroller2d/Content/StarterContent/Audio/Steam01.uasset" 274
"../../../../../Unreal Projects/SideScroller2d/Content/StarterContent/Audio/Explosion_Cue.uasset" 275
"../../../../../Unreal Projects/SideScroller2d/Content/StarterContent/Textures/T_Burst_M.uasset" 276
"../../../../../Unreal Projects/SideScroller2d/Content/StarterContent/Particles/Materials/M_Burst.uasset" 277
"../../../../../Unreal Projects/SideScroller2d/Content/StarterContent/Textures/T_Explosion_SubUV.uasset" 278
"../../../../../Unreal Projects/SideScroller2d/Content/StarterContent/Particles/Materials/M_explosion_subUV.uasset" 279
"../../../../../Unreal Projects/SideScroller2d/Content/StarterContent/Particles/Materials/m_flare_01.uasset" 280
"../../../Engine/Content/Functions/Engine_MaterialFunctions01/Gradient/RadialGradient.uasset" 281
"../../../../../Unreal Projects/SideScroller2d/Content/StarterContent/Particles/Materials/M_radial_ramp.uasset" 282
"../../../../../Unreal Projects/SideScroller2d/Content/StarterContent/Textures/T_Smoke_SubUV.uasset" 283
"../../../../../Unreal Projects/SideScroller2d/Content/StarterContent/Textures/T_Smoke_Tiled_D.uasset" 284
"../../../../../Unreal Projects/SideScroller2d/Content/StarterContent/Particles/Materials/M_smoke_subUV.uasset" 285
"../../../../../Unreal Projects/SideScroller2d/Content/StarterContent/Particles/P_Explosion.uasset" 286
"../../../../../Unreal Projects/SideScroller2d/Content/StarterContent/Blueprints/Blueprint_Effect_Explosion.uasset" 287
"../../../Engine/Content/EditorMeshes/ColorCalibrator/T_ColorGrid.uasset" 288
"../../../../../Unreal Projects/SideScroller2d/Content/StarterContent/Materials/M_ColorGrid_LowSpec.uasset" 289
"../../../../../Unreal Projects/SideScroller2d/Content/StarterContent/Textures/T_Bush_D.uasset" 290
"../../../../../Unreal Projects/SideScroller2d/Content/StarterContent/Textures/T_Bush_N.uasset" 291
"../../../../../Unreal Projects/SideScroller2d/Content/StarterContent/Props/Materials/M_Bush.uasset" 292
"../../../../../Unreal Projects/SideScroller2d/Content/StarterContent/Props/SM_Bush.uasset" 293
"../../../../../Unreal Projects/SideScroller2d/Content/StarterContent/Textures/T_Chair_M.uasset" 294
"../../../../../Unreal Projects/SideScroller2d/Content/StarterContent/Textures/T_Chair_N.uasset" 295
"../../../../../Unreal Projects/SideScroller2d/Content/StarterContent/Props/Materials/M_Chair.uasset" 296
"../../../../../Unreal Projects/SideScroller2d/Content/StarterContent/Props/SM_Couch.uasset" 297
"../../../../../Unreal Projects/SideScroller2d/Content/StarterContent/Materials/M_Glass.uasset" 298
"../../../../../Unreal Projects/SideScroller2d/Content/StarterContent/Textures/T_Door_M.uasset" 299
"../../../../../Unreal Projects/SideScroller2d/Content/StarterContent/Textures/T_Door_N.uasset" 300
"../../../../../Unreal Projects/SideScroller2d/Content/StarterContent/Props/Materials/M_Door.uasset" 301
"../../../../../Unreal Projects/SideScroller2d/Content/StarterContent/Props/SM_Door.uasset" 302
"../../../../../Unreal Projects/SideScroller2d/Content/StarterContent/Props/Materials/M_MaterialSphere.uasset" 303
"../../../../../Unreal Projects/SideScroller2d/Content/StarterContent/Props/Materials/M_MaterialSphere_Plain.uasset" 304
"../../../../../Unreal Projects/SideScroller2d/Content/StarterContent/Props/SM_MatPreviewMesh_02.uasset" 305
"../../../Engine/Content/Functions/Engine_MaterialFunctions02/Utility/BlendAngleCorrectedNormals.uasset" 306
"../../../../../Unreal Projects/SideScroller2d/Content/StarterContent/Textures/T_Detail_Rocky_N.uasset" 307
"../../../../../Unreal Projects/SideScroller2d/Content/StarterContent/Textures/T_Rock_Basalt_D.uasset" 308
"../../../../../Unreal Projects/SideScroller2d/Content/StarterContent/Textures/T_RockMesh_M.uasset" 309
"../../../../../Unreal Projects/SideScroller2d/Content/StarterContent/Textures/T_RockMesh_N.uasset" 310
"../../../../../Unreal Projects/SideScroller2d/Content/StarterContent/Props/Materials/M_Rock.uasset" 311
"../../../../../Unreal Projects/SideScroller2d/Content/StarterContent/Props/SM_Rock.uasset" 312
"../../../../../Unreal Projects/SideScroller2d/Content/StarterContent/Textures/T_Shelf_M.uasset" 313
"../../../../../Unreal Projects/SideScroller2d/Content/StarterContent/Textures/T_Shelf_N.uasset" 314
"../../../../../Unreal Projects/SideScroller2d/Content/StarterContent/Props/Materials/M_Shelf.uasset" 315
"../../../../../Unreal Projects/SideScroller2d/Content/StarterContent/Props/SM_Shelf.uasset" 316
"../../../../../Unreal Projects/SideScroller2d/Content/StarterContent/Materials/M_Basic_Floor.uasset" 317
"../../../../../Unreal Projects/SideScroller2d/Content/StarterContent/Props/SM_Stairs.uasset" 318
"../../../../../Unreal Projects/SideScroller2d/Content/StarterContent/Shapes/Shape_Cone.uasset" 319
"../../../../../Unreal Projects/SideScroller2d/Content/StarterContent/Shapes/Shape_Cylinder.uasset" 320
"../../../../../Unreal Projects/SideScroller2d/Content/StarterContent/Shapes/Shape_NarrowCapsule.uasset" 321
"../../../../../Unreal Projects/SideScroller2d/Content/StarterContent/Shapes/Shape_Pipe.uasset" 322
"../../../../../Unreal Projects/SideScroller2d/Content/StarterContent/Shapes/Shape_Pipe_180.uasset" 323
"../../../../../Unreal Projects/SideScroller2d/Content/StarterContent/Shapes/Shape_Pipe_90.uasset" 324
"../../../../../Unreal Projects/SideScroller2d/Content/StarterContent/Shapes/Shape_Plane.uasset" 325
"../../../../../Unreal Projects/SideScroller2d/Content/StarterContent/Shapes/Shape_Torus.uasset" 326
"../../../../../Unreal Projects/SideScroller2d/Content/StarterContent/Shapes/Shape_Trim.uasset" 327
"../../../../../Unreal Projects/SideScroller2d/Content/StarterContent/Shapes/Shape_Trim_90_In.uasset" 328
"../../../../../Unreal Projects/SideScroller2d/Content/StarterContent/Shapes/Shape_Trim_90_Out.uasset" 329
"../../../../../Unreal Projects/SideScroller2d/Content/StarterContent/Shapes/Shape_TriPyramid.uasset" 330
"../../../../../Unreal Projects/SideScroller2d/Content/StarterContent/Shapes/Shape_Tube.uasset" 331
"../../../../../Unreal Projects/SideScroller2d/Content/StarterContent/Shapes/Shape_Wedge_A.uasset" 332
"../../../../../Unreal Projects/SideScroller2d/Content/StarterContent/Shapes/Shape_Wedge_B.uasset" 333
"../../../../../Unreal Projects/SideScroller2d/Content/StarterContent/Shapes/Shape_WideCapsule.uasset" 334
"../../../Engine/Content/Animation/DefaultAnimCurveCompressionSettings.uasset" 335
"../../../Engine/Content/Functions/Engine_MaterialFunctions01/Opacity/CameraDepthFade.uasset" 336
"../../../Engine/Content/EngineMaterials/T_Default_Material_Grid_M.uasset" 337
"../../../Engine/Content/EngineMaterials/T_Default_Material_Grid_N.uasset" 338
"../../../Engine/Content/EngineMaterials/WorldGridMaterial.uasset" 339
"../../../Engine/Content/ArtTools/RenderToTexture/Meshes/S_1_Unit_Plane.uasset" 340
"../../../Engine/Content/EngineMaterials/DefaultMaterial.uasset" 341
"../../../Engine/Content/BasicShapes/Cone.uasset" 342
"../../../Engine/Content/BasicShapes/Cube.uasset" 343
"../../../Engine/Content/BasicShapes/Cylinder.uasset" 344
"../../../Engine/Content/BasicShapes/Plane.uasset" 345
"../../../Engine/Content/BasicShapes/Sphere.uasset" 346
"../../../Engine/Content/EditorLandscapeResources/DataLayer.uasset" 347
"../../../Engine/Content/EditorMaterials/MAT_Groups_Toggle.uasset" 348
"../../../Engine/Content/EditorMaterials/MAT_Groups_Visibility.uasset" 349
"../../../Engine/Content/EditorMaterials/PreviewShadowIndicator.uasset" 350
"../../../Engine/Content/EditorMaterials/PreviewShadowIndicatorMaterial.uasset" 351
"../../../Engine/Content/EditorMaterials/MatineeGroups/MAT_ColorTrack.uasset" 352
"../../../Engine/Content/EditorMaterials/MatineeGroups/MAT_Groups_Anim.uasset" 353
"../../../Engine/Content/EditorMaterials/MatineeGroups/MAT_Groups_AudioMaster.uasset" 354
"../../../Engine/Content/EditorMaterials/MatineeGroups/MAT_Groups_Director.uasset" 355
"../../../Engine/Content/EditorMaterials/MatineeGroups/MAT_Groups_Event.uasset" 356
"../../../Engine/Content/EditorMaterials/MatineeGroups/MAT_Groups_Fade.uasset" 357
"../../../Engine/Content/EditorMaterials/MatineeGroups/MAT_Groups_Float.uasset" 358
"../../../Engine/Content/EditorMaterials/MatineeGroups/MAT_Groups_Move.uasset" 359
"../../../Engine/Content/EditorMaterials/MatineeGroups/MAT_Groups_Slomo.uasset" 360
"../../../Engine/Content/EditorMaterials/MatineeGroups/MAT_Groups_Sound.uasset" 361
"../../../Engine/Content/EditorMaterials/MatineeGroups/MAT_Groups_Vector.uasset" 362
"../../../Engine/Content/EditorMaterials/ParticleSystems/PSysThumbnail_NoImage.uasset" 363
"../../../Engine/Content/EditorMaterials/ParticleSystems/PSysThumbnail_OOD.uasset" 364
"../../../Engine/Content/EditorMaterials/Camera/CineMat.uasset" 365
"../../../Engine/Content/EditorMaterials/Camera/MI_CineMat_Rig.uasset" 366
"../../../Engine/Content/EditorMeshes/Camera/SM_CraneRig_Arm.uasset" 367
"../../../Engine/Content/EditorMeshes/Camera/SM_CraneRig_Base.uasset" 368
"../../../Engine/Content/EditorMeshes/Camera/SM_CraneRig_Body.uasset" 369
"../../../Engine/Content/EditorMeshes/Camera/SM_CraneRig_Mount.uasset" 370
"../../../Engine/Content/EditorMeshes/Camera/SM_RailRig_Mount.uasset" 371
"../../../Engine/Content/EditorMeshes/Camera/SM_RailRig_Track.uasset" 372
"../../../Engine/Content/EditorResources/BSPVertex.uasset" 373
"../../../Engine/Content/EditorResources/EmptyActor.uasset" 374
"../../../Engine/Content/EditorResources/S_Actor.uasset" 375
"../../../Engine/Content/EditorResources/S_Note.uasset" 376
"../../../Engine/Content/EditorResources/S_Solver.uasset" 377
"../../../Engine/Content/EditorResources/S_Trigger.uasset" 378
"../../../Engine/Content/EditorResources/AudioIcons/S_AudioComponent.uasset" 379
"../../../Engine/Content/EditorResources/AudioIcons/S_AudioComponent_AutoActivate.uasset" 380
"../../../Engine/Content/EditorResources/LightIcons/S_LightError.uasset" 381
"../../../Engine/Content/EditorResources/SequenceRecorder/Countdown.uasset" 382
"../../../Engine/Content/EditorResources/SequenceRecorder/RecordingIndicator.uasset" 383
"../../../Engine/Content/EditorSounds/Notifications/CompileFailed.uasset" 384
"../../../Engine/Content/EditorSounds/Notifications/CompileFailed_Cue.uasset" 385
"../../../Engine/Content/EditorSounds/Notifications/CompileSuccess.uasset" 386
"../../../Engine/Content/EditorSounds/Notifications/CompileStart_Cue.uasset" 387
"../../../Engine/Content/EditorSounds/Notifications/CompileSuccess_Cue.uasset" 388
"../../../Engine/Content/EngineDamageTypes/DmgTypeBP_Environmental.uasset" 389
"../../../Engine/Content/EngineDebugMaterials/DebugEditorMaterial.uasset" 390
"../../../Engine/Content/EngineDebugMaterials/DebugMeshMaterial.uasset" 391
"../../../Engine/Content/EngineDebugMaterials/M_SimpleUnlitTranslucent.uasset" 392
"../../../Engine/Content/Functions/Engine_MaterialFunctions02/Utility/CameraDirectionVector.uasset" 393
"../../../Engine/Content/EngineDebugMaterials/VolumeToRender.uasset" 394
"../../../Engine/Content/EngineDebugMaterials/M_VolumeRenderSphereTracePP.uasset" 395
"../../../Engine/Content/EngineDebugMaterials/WireframeMaterial.uasset" 396
"../../../Engine/Content/EngineFonts/Faces/DroidSansFallback.uasset" 397
"../../../Engine/Content/EngineFonts/Faces/RobotoBold.uasset" 398
"../../../Engine/Content/EngineFonts/Faces/RobotoBoldItalic.uasset" 399
"../../../Engine/Content/EngineFonts/Faces/RobotoItalic.uasset" 400
"../../../Engine/Content/EngineFonts/Faces/RobotoLight.uasset" 401
"../../../Engine/Content/EngineFonts/Faces/RobotoRegular.uasset" 402
"../../../Engine/Content/EngineFonts/Roboto.uasset" 403
"../../../Engine/Content/EngineMaterials/BaseFlattenDiffuseMap.uasset" 404
"../../../Engine/Content/EngineMaterials/BaseFlattenEmissiveMap.uasset" 405
"../../../Engine/Content/EngineMaterials/BaseFlattenGrayscaleMap.uasset" 406
"../../../Engine/Content/EngineMaterials/BaseFlattenNormalMap.uasset" 407
"../../../Engine/Content/EngineMaterials/BaseFlattenMaterial.uasset" 408
"../../../Engine/Content/EngineMaterials/BlueNoise.uasset" 409
"../../../Engine/Content/EngineMaterials/DefaultBloomKernel.uasset" 410
"../../../Engine/Content/EngineMaterials/DefaultBokeh.uasset" 411
"../../../Engine/Content/EngineMaterials/DefaultDiffuse.uasset" 412
"../../../Engine/Content/EngineMaterials/DefaultDeferredDecalMaterial.uasset" 413
"../../../Engine/Content/EngineMaterials/DefaultLightFunctionMaterial.uasset" 414
"../../../Engine/Content/EngineMaterials/DefaultPhysicalMaterial.uasset" 415
"../../../Engine/Content/Functions/Engine_MaterialFunctions02/Utility/BreakOutFloat2Components.uasset" 416
"../../../Engine/Content/EngineMaterials/DefaultPostProcessMaterial.uasset" 417
"../../../Engine/Content/EngineFonts/RobotoDistanceField.uasset" 418
"../../../Engine/Content/EngineMaterials/DefaultTextMaterialOpaque.uasset" 419
"../../../Engine/Content/EngineMaterials/DefaultWhiteGrid.uasset" 420
"../../../Engine/Content/EngineMaterials/DefaultWhiteGrid_Low.uasset" 421
"../../../Engine/Content/EngineMaterials/EmissiveMeshMaterial.uasset" 422
"../../../Engine/Content/EngineMaterials/GizmoMaterial.uasset" 423
"../../../Engine/Content/EngineMaterials/Good64x64TilingNoiseHighFreq.uasset" 424
"../../../Engine/Content/EngineMaterials/MiniFont.uasset" 425
"../../../Engine/Content/EngineMaterials/InvalidLightmapSettings.uasset" 426
"../../../Engine/Content/EngineMaterials/M_InvalidLightmapSettings.uasset" 427
"../../../Engine/Content/Functions/Engine_MaterialFunctions02/WorldPositionOffset/CameraOffset.uasset" 428
"../../../Engine/Content/EngineMaterials/PhAT_JointLimitMaterial.uasset" 429
"../../../Engine/Content/EngineMaterials/PreintegratedSkinBRDF.uasset" 430
"../../../Engine/Content/EngineMaterials/RemoveSurfaceMaterial.uasset" 431
"../../../Engine/Content/EngineMaterials/WeightMapPlaceholderTexture.uasset" 432
"../../../Engine/Content/EngineResources/WhiteSquareTexture.uasset" 433
"../../../Engine/Content/EngineMaterials/Widget3DPassThrough.uasset" 434
"../../../Engine/Content/EngineMaterials/Widget3DPassThrough_Masked.uasset" 435
"../../../Engine/Content/EngineMaterials/Widget3DPassThrough_Opaque.uasset" 436
"../../../Engine/Content/EngineMaterials/Widget3DPassThrough_Masked_OneSided.uasset" 437
"../../../Engine/Content/EngineMaterials/Widget3DPassThrough_Opaque_OneSided.uasset" 438
"../../../Engine/Content/EngineMaterials/Widget3DPassThrough_Translucent.uasset" 439
"../../../Engine/Content/EngineMaterials/Widget3DPassThrough_Translucent_OneSided.uasset" 440
"../../../Engine/Content/EngineMeshes/Cylinder.uasset" 441
"../../../Engine/Content/EngineMeshes/Sphere.uasset" 442
"../../../Engine/Content/EngineResources/Black.uasset" 443
"../../../Engine/Content/EngineResources/DefaultTexture.uasset" 444
"../../../Engine/Content/EngineResources/DefaultTextureCube.uasset" 445
"../../../Engine/Content/EngineResources/DefaultVolumeTexture2D.uasset" 446
"../../../Engine/Content/EngineResources/DefaultVolumeTexture.uasset" 447
"../../../Engine/Content/EngineResources/GradientTexture0.uasset" 448
"../../../Engine/Content/EngineSounds/Master.uasset" 449
"../../../Engine/Content/Functions/Engine_MaterialFunctions01/Shading/ConvertFromDiffSpec.uasset" 450
"../../../Engine/Content/Functions/Engine_MaterialFunctions01/Shading/PowerToRoughness.uasset" 451
"../../../Engine/Content/Maps/Templates/Thumbnails/Default.uasset" 452
"../../../Engine/Content/Maps/Templates/Thumbnails/TimeOfDay.uasset" 453
"../../../Engine/Content/Maps/Templates/Thumbnails/VR-Basic.uasset" 454
"../../../Engine/Content/MobileResources/T_MobileControls_texture.uasset" 455
"../../../Engine/Content/MobileResources/T_MobileMenu2.uasset" 456
"../../../Engine/Content/MobileResources/HUD/AnalogHat.uasset" 457
"../../../Engine/Content/MobileResources/HUD/VirtualJoystick_Background.uasset" 458
"../../../Engine/Content/MobileResources/HUD/VirtualJoystick_Thumb.uasset" 459
"../../../Engine/Content/MobileResources/HUD/DefaultVirtualJoysticks.uasset" 460
"../../../Engine/Content/MobileResources/HUD/LeftVirtualJoystickOnly.uasset" 461
"../../../Engine/Content/MobileResources/HUD/MobileHUDButton1_off.uasset" 462
"../../../Engine/Content/MobileResources/HUD/MobileHUDButton1_on.uasset" 463
"../../../Engine/Content/MobileResources/HUD/MobileHUDButton2_off.uasset" 464
"../../../Engine/Content/MobileResources/HUD/MobileHUDButton2_on.uasset" 465
"../../../Engine/Content/MobileResources/HUD/MobileHUDButton3.uasset" 466
"../../../Engine/Content/MobileResources/HUD/MobileHUDButtonFire.uasset" 467
"../../../Engine/Content/MobileResources/HUD/MobileHUDDirectionPad.uasset" 468
"../../../Engine/Content/MobileResources/HUD/MobileHUDDirectionPad2.uasset" 469
"../../../Engine/Content/MobileResources/HUD/MobileHUDDirectionPad3.uasset" 470
"../../../Engine/Content/MobileResources/HUD/MobileHUDDirectionStick.uasset" 471
"../../../Engine/Content/MobileResources/HUD/T_Castle_ThumbstickInner.uasset" 472
"../../../Engine/Content/MobileResources/HUD/T_Castle_ThumbstickOutter.uasset" 473
"../../../Engine/Content/Tutorial/ContentIntroCurve.uasset" 474
"../../../Engine/Content/Tutorial/Basics/LevelEditorAttract.uasset" 475
"../../../Engine/Content/VREditor/LaserPointer/VR_LaserPower_01.uasset" 476
"../../../Engine/Content/VREditor/TransformGizmo/TransformGizmoMaterial.uasset" 477
"../../../Engine/Content/VREditor/TransformGizmo/TranslucentTransformGizmoMaterial.uasset" 478
"../../../Engine/Content/VREditor/TransformGizmo/BoundingBoxCorner.uasset" 479
"../../../Engine/Content/VREditor/TransformGizmo/BoundingBoxEdge.uasset" 480
"../../../Engine/Content/VREditor/TransformGizmo/PlaneTranslationHandle.uasset" 481
"../../../Engine/Content/VREditor/TransformGizmo/Main.uasset" 482
"../../../Engine/Content/VREditor/TransformGizmo/Xray.uasset" 483
"../../../Engine/Content/VREditor/TransformGizmo/SM_Sequencer_Key.uasset" 484
"../../../Engine/Content/VREditor/TransformGizmo/SM_Sequencer_Node.uasset" 485
"../../Plugins/2D/Paper2D/Content/DummySprite.uasset" 486
"../../Plugins/2D/Paper2D/Content/DefaultPaperTerrainMaterial.uasset" 487
"../../Plugins/2D/Paper2D/Content/MaskedUnlitSpriteMaterial.uasset" 488
"../../Plugins/FX/Niagara/Content/Enums/ENiagaraBooleanLogicOps.uasset" 489
"../../Plugins/FX/Niagara/Content/Enums/ENiagaraCoordinateSpace.uasset" 490
"../../Plugins/FX/Niagara/Content/Enums/ENiagaraExpansionMode.uasset" 491
"../../Plugins/FX/Niagara/Content/Enums/ENiagaraOrientationAxis.uasset" 492
"../../Plugins/FX/Niagara/Content/Enums/ENiagaraRandomnessMode.uasset" 493
"../../../Engine/Content/Functions/Engine_MaterialFunctions02/Utility/BreakOutFloat4Components.uasset" 494
"../../../Engine/Content/Functions/Engine_MaterialFunctions02/Utility/MakeFloat2.uasset" 495
"../../../Engine/Content/Functions/Engine_MaterialFunctions02/Utility/MakeFloat3.uasset" 496
"../../Plugins/Runtime/Oculus/OculusVR/Content/Materials/OculusMR_ChromaKey.uasset" 497
"../../Plugins/Runtime/Oculus/OculusVR/Content/Materials/OculusMR_ChromaKey_Lit.uasset" 498
"../../Plugins/Runtime/Oculus/OculusVR/Content/Materials/OculusMR_OpaqueColoredMaterial.uasset" 499
"../../Plugins/Runtime/Oculus/OculusVR/Content/Materials/OculusMR_WhiteMaterial.uasset" 500
"../../../../../Unreal Projects/SideScroller2d/Content/2DSideScrollerBP/Blueprints/2DSideScrollerGameMode.uasset" 501
"../../../../../Unreal Projects/SideScroller2d/Content/2DSideScrollerBP/Maps/2DSideScrollerExampleMap_BuiltData.uasset" 502
"../../../Engine/Content/MapTemplates/Bokeh_5Sides.uasset" 503
"../../../Engine/Content/MapTemplates/T_ScreenDirt02_w.uasset" 504
"../../Plugins/2D/Paper2D/Content/OpaqueUnlitSpriteMaterial.uasset" 505
"../../../../../Unreal Projects/SideScroller2d/Content/2dSideScroller/Textures/2DBackground.uasset" 506
"../../../../../Unreal Projects/SideScroller2d/Content/2DSideScroller/Sprites/Background_Sprite.uasset" 507
"../../../../../Unreal Projects/SideScroller2d/Content/2dSideScroller/Textures/2DBackgroundBlockAtlas.uasset" 508
"../../../../../Unreal Projects/SideScroller2d/Content/2DSideScroller/Sprites/Ledge.uasset" 509
"../../../../../Unreal Projects/SideScroller2d/Content/logo/Logo_Sprite.uasset" 510
"../../../../../Unreal Projects/SideScroller2d/Content/2DSideScrollerBP/Maps/2DSideScrollerExampleMap.umap" 511
"../../../../../Unreal Projects/SideScroller2d/Content/StarterContent/Blueprints/Assets/FogBrightnessLUT.uasset" 512
"../../../../../Unreal Projects/SideScroller2d/Content/StarterContent/Blueprints/Assets/SunlightColorLUT.uasset" 513
"../../../../../Unreal Projects/SideScroller2d/Content/StarterContent/Blueprints/Assets/M_LightStage_Arrows.uasset" 514
"../../../Engine/Content/MapTemplates/Sky/DaylightAmbientCubemap.uasset" 515
"../../../../../Unreal Projects/SideScroller2d/Content/StarterContent/Blueprints/Assets/M_LightStage_Skybox_Master.uasset" 516
"../../../../../Unreal Projects/SideScroller2d/Content/StarterContent/Blueprints/Assets/M_LightStage_Skybox_Black.uasset" 517
"../../../../../Unreal Projects/SideScroller2d/Content/StarterContent/Blueprints/Assets/M_LightStage_Skybox_HDRI.uasset" 518
"../../../Engine/Content/EditorMaterials/Thumbnails/SkySphereMaterial.uasset" 519
"../../../../../Unreal Projects/SideScroller2d/Content/StarterContent/Blueprints/Assets/Skybox.uasset" 520
"../../../../../Unreal Projects/SideScroller2d/Content/StarterContent/Blueprints/Assets/SM_Arrows.uasset" 521
"../../../../../Unreal Projects/SideScroller2d/Content/StarterContent/HDRI/HDRI_Epic_Courtyard_Daylight.uasset" 522
"../../../../../Unreal Projects/SideScroller2d/Content/StarterContent/Blueprints/BP_LightStudio.uasset" 523
"../../../../../Unreal Projects/SideScroller2d/Content/StarterContent/Maps/Advanced_Lighting_BuiltData.uasset" 524
"../../../../../Unreal Projects/SideScroller2d/Content/StarterContent/Materials/M_AssetPlatform.uasset" 525
"../../../Engine/Content/EditorMeshes/ColorCalibrator/M_ChromeBall.uasset" 526
"../../../Engine/Content/EditorMeshes/ColorCalibrator/M_ClearCoat.uasset" 527
"../../../Engine/Content/EditorMeshes/ColorCalibrator/M_ClearCoatBlack.uasset" 528
"../../../Engine/Content/EditorMeshes/ColorCalibrator/Color_checker.uasset" 529
"../../../Engine/Content/EditorMeshes/ColorCalibrator/M_ColorGrid.uasset" 530
"../../../Engine/Content/EditorMeshes/ColorCalibrator/M_GreyBall.uasset" 531
"../../../Engine/Content/EditorMeshes/ColorCalibrator/SM_ColorCalibrator.uasset" 532
"../../../../../Unreal Projects/SideScroller2d/Content/StarterContent/Architecture/SM_AssetPlatform.uasset" 533
"../../../../../Unreal Projects/SideScroller2d/Content/StarterContent/Maps/Advanced_Lighting.umap" 534
"../../../Engine/Content/EngineSky/C_Sky_Cloud_Color.uasset" 535
"../../../Engine/Content/EngineSky/C_Sky_Horizon_Color.uasset" 536
"../../../Engine/Content/EngineSky/C_Sky_Zenith_Color.uasset" 537
"../../../Engine/Content/EngineSky/T_Sky_Blue.uasset" 538
"../../../Engine/Content/EngineSky/T_Sky_Clouds_M.uasset" 539
"../../../Engine/Content/EngineSky/T_Sky_Stars.uasset" 540
"../../../Engine/Content/EngineSky/M_Sky_Panning_Clouds2.uasset" 541
"../../../Engine/Content/EngineSky/SM_SkySphere.uasset" 542
"../../../Engine/Content/EngineSky/BP_Sky_Sphere.uasset" 543
"../../../../../Unreal Projects/SideScroller2d/Content/StarterContent/Maps/Minimal_Default_BuiltData.uasset" 544
"../../../../../Unreal Projects/SideScroller2d/Content/StarterContent/Textures/T_MacroVariation.uasset" 545
"../../../../../Unreal Projects/SideScroller2d/Content/StarterContent/Materials/M_Metal_Brushed_Nickel.uasset" 546
"../../../../../Unreal Projects/SideScroller2d/Content/StarterContent/Textures/T_Metal_Aluminum_D.uasset" 547
"../../../../../Unreal Projects/SideScroller2d/Content/StarterContent/Textures/T_Metal_Gold_N.uasset" 548
"../../../../../Unreal Projects/SideScroller2d/Content/StarterContent/Materials/M_Metal_Burnished_Steel.uasset" 549
"../../../../../Unreal Projects/SideScroller2d/Content/StarterContent/Textures/T_Metal_Copper_D.uasset" 550
"../../../../../Unreal Projects/SideScroller2d/Content/StarterContent/Materials/M_Metal_Copper.uasset" 551
"../../../../../Unreal Projects/SideScroller2d/Content/StarterContent/Textures/T_Statue_M.uasset" 552
"../../../../../Unreal Projects/SideScroller2d/Content/StarterContent/Textures/T_Statue_N.uasset" 553
"../../../../../Unreal Projects/SideScroller2d/Content/StarterContent/Props/Materials/M_StatueGlass.uasset" 554
"../../../../../Unreal Projects/SideScroller2d/Content/StarterContent/Architecture/Floor_400x400.uasset" 555
"../../../../../Unreal Projects/SideScroller2d/Content/StarterContent/Audio/Starter_Background_Cue.uasset" 556
"../../../../../Unreal Projects/SideScroller2d/Content/StarterContent/Props/SM_Chair.uasset" 557
"../../../../../Unreal Projects/SideScroller2d/Content/StarterContent/Props/Materials/M_Statue.uasset" 558
"../../../../../Unreal Projects/SideScroller2d/Content/StarterContent/Props/SM_Statue.uasset" 559
"../../../../../Unreal Projects/SideScroller2d/Content/StarterContent/Textures/T_TableRound_M.uasset" 560
"../../../../../Unreal Projects/SideScroller2d/Content/StarterContent/Textures/T_TableRound_N.uasset" 561
"../../../../../Unreal Projects/SideScroller2d/Content/StarterContent/Props/Materials/M_TableRound.uasset" 562
"../../../../../Unreal Projects/SideScroller2d/Content/StarterContent/Props/SM_TableRound.uasset" 563
"../../../../../Unreal Projects/SideScroller2d/Content/StarterContent/Maps/Minimal_Default.umap" 564
"../../../../../Unreal Projects/SideScroller2d/Content/StarterContent/Audio/Fire01_Cue.uasset" 565
"../../../../../Unreal Projects/SideScroller2d/Content/StarterContent/Textures/T_Fire_SubUV.uasset" 566
"../../../../../Unreal Projects/SideScroller2d/Content/StarterContent/Textures/T_Fire_Tiled_D.uasset" 567
"../../../../../Unreal Projects/SideScroller2d/Content/StarterContent/Particles/Materials/M_Fire_SubUV.uasset" 568
"../../../../../Unreal Projects/SideScroller2d/Content/StarterContent/Textures/T_Water_N.uasset" 569
"../../../../../Unreal Projects/SideScroller2d/Content/StarterContent/Particles/Materials/M_Heat_Distortion.uasset" 570
"../../../../../Unreal Projects/SideScroller2d/Content/StarterContent/Particles/Materials/M_Radial_Gradient.uasset" 571
"../../../../../Unreal Projects/SideScroller2d/Content/StarterContent/Particles/P_Fire.uasset" 572
"../../../../../Unreal Projects/SideScroller2d/Content/StarterContent/Blueprints/Blueprint_Effect_Fire.uasset" 573
"../../../../../Unreal Projects/SideScroller2d/Content/StarterContent/Audio/Smoke01_Cue.uasset" 574
"../../../../../Unreal Projects/SideScroller2d/Content/StarterContent/Particles/P_Smoke.uasset" 575
"../../../../../Unreal Projects/SideScroller2d/Content/StarterContent/Blueprints/Blueprint_Effect_Smoke.uasset" 576
"../../../../../Unreal Projects/SideScroller2d/Content/StarterContent/Audio/Fire_Sparks01_Cue.uasset" 577
"../../../../../Unreal Projects/SideScroller2d/Content/StarterContent/Textures/T_Spark_Core.uasset" 578
"../../../../../Unreal Projects/SideScroller2d/Content/StarterContent/Particles/Materials/M_Spark.uasset" 579
"../../../../../Unreal Projects/SideScroller2d/Content/StarterContent/Particles/P_Sparks.uasset" 580
"../../../../../Unreal Projects/SideScroller2d/Content/StarterContent/Blueprints/Blueprint_Effect_Sparks.uasset" 581
"../../../../../Unreal Projects/SideScroller2d/Content/StarterContent/Audio/Steam01_Cue.uasset" 582
"../../../../../Unreal Projects/SideScroller2d/Content/StarterContent/Particles/P_Steam_Lit.uasset" 583
"../../../../../Unreal Projects/SideScroller2d/Content/StarterContent/Blueprints/Blueprint_Effect_Steam.uasset" 584
"../../../../../Unreal Projects/SideScroller2d/Content/StarterContent/Textures/T_Lamp_M.uasset" 585
"../../../../../Unreal Projects/SideScroller2d/Content/StarterContent/Textures/T_Lamp_N.uasset" 586
"../../../../../Unreal Projects/SideScroller2d/Content/StarterContent/Props/Materials/M_Lamp.uasset" 587
"../../../../../Unreal Projects/SideScroller2d/Content/StarterContent/Props/SM_Lamp_Ceiling.uasset" 588
"../../../../../Unreal Projects/SideScroller2d/Content/StarterContent/Blueprints/Blueprint_CeilingLight.uasset" 589
"../../../../../Unreal Projects/SideScroller2d/Content/StarterContent/Props/SM_Lamp_Wall.uasset" 590
"../../../../../Unreal Projects/SideScroller2d/Content/StarterContent/Blueprints/Blueprint_WallSconce.uasset" 591
"../../../../../Unreal Projects/SideScroller2d/Content/StarterContent/Maps/StarterMap_BuiltData.uasset" 592
"../../../Engine/Content/Functions/Engine_MaterialFunctions03/Procedurals/ComputeFilterWidth.uasset" 593
"../../../Engine/Content/EngineMaterials/AntiAliasedTextMaterialTranslucent.uasset" 594
"../../../../../Unreal Projects/SideScroller2d/Content/StarterContent/Textures/T_Brick_Clay_Beveled_D.uasset" 595
"../../../../../Unreal Projects/SideScroller2d/Content/StarterContent/Textures/T_Brick_Clay_Beveled_M.uasset" 596
"../../../../../Unreal Projects/SideScroller2d/Content/StarterContent/Textures/T_Brick_Clay_Beveled_N.uasset" 597
"../../../../../Unreal Projects/SideScroller2d/Content/StarterContent/Materials/M_Brick_Clay_Beveled.uasset" 598
"../../../../../Unreal Projects/SideScroller2d/Content/StarterContent/Textures/T_Brick_Clay_New_D.uasset" 599
"../../../../../Unreal Projects/SideScroller2d/Content/StarterContent/Textures/T_Brick_Clay_New_M.uasset" 600
"../../../../../Unreal Projects/SideScroller2d/Content/StarterContent/Textures/T_Brick_Clay_New_N.uasset" 601
"../../../../../Unreal Projects/SideScroller2d/Content/StarterContent/Materials/M_Brick_Clay_New.uasset" 602
"../../../../../Unreal Projects/SideScroller2d/Content/StarterContent/Textures/T_Brick_Clay_Old_D.uasset" 603
"../../../../../Unreal Projects/SideScroller2d/Content/StarterContent/Textures/T_Brick_Clay_Old_N.uasset" 604
"../../../../../Unreal Projects/SideScroller2d/Content/StarterContent/Textures/T_Perlin_Noise_M.uasset" 605
"../../../../../Unreal Projects/SideScroller2d/Content/StarterContent/Materials/M_Brick_Clay_Old.uasset" 606
"../../../../../Unreal Projects/SideScroller2d/Content/StarterContent/Textures/T_Brick_Cut_Stone_D.uasset" 607
"../../../../../Unreal Projects/SideScroller2d/Content/StarterContent/Textures/T_Brick_Cut_Stone_N.uasset" 608
"../../../../../Unreal Projects/SideScroller2d/Content/StarterContent/Materials/M_Brick_Cut_Stone.uasset" 609
"../../../../../Unreal Projects/SideScroller2d/Content/StarterContent/Textures/T_Brick_Hewn_Stone_D.uasset" 610
"../../../../../Unreal Projects/SideScroller2d/Content/StarterContent/Textures/T_Brick_Hewn_Stone_M.uasset" 611
"../../../../../Unreal Projects/SideScroller2d/Content/StarterContent/Textures/T_Brick_Hewn_Stone_N.uasset" 612
"../../../../../Unreal Projects/SideScroller2d/Content/StarterContent/Materials/M_Brick_Hewn_Stone.uasset" 613
"../../../../../Unreal Projects/SideScroller2d/Content/StarterContent/Textures/T_Ceramic_Tile_M.uasset" 614
"../../../../../Unreal Projects/SideScroller2d/Content/StarterContent/Textures/T_Ceramic_Tile_N.uasset" 615
"../../../../../Unreal Projects/SideScroller2d/Content/StarterContent/Textures/T_Rock_Marble_Polished_D.uasset" 616
"../../../../../Unreal Projects/SideScroller2d/Content/StarterContent/Materials/M_Ceramic_Tile_Checker.uasset" 617
"../../../../../Unreal Projects/SideScroller2d/Content/StarterContent/Textures/T_CobbleStone_Pebble_D.uasset" 618
"../../../../../Unreal Projects/SideScroller2d/Content/StarterContent/Textures/T_CobbleStone_Pebble_M.uasset" 619
"../../../../../Unreal Projects/SideScroller2d/Content/StarterContent/Textures/T_CobbleStone_Pebble_N.uasset" 620
"../../../../../Unreal Projects/SideScroller2d/Content/StarterContent/Materials/M_CobbleStone_Pebble.uasset" 621
"../../../../../Unreal Projects/SideScroller2d/Content/StarterContent/Textures/T_CobbleStone_Rough_D.uasset" 622
"../../../../../Unreal Projects/SideScroller2d/Content/StarterContent/Textures/T_CobbleStone_Rough_N.uasset" 623
"../../../../../Unreal Projects/SideScroller2d/Content/StarterContent/Textures/T_Gradinet_01.uasset" 624
"../../../../../Unreal Projects/SideScroller2d/Content/StarterContent/Textures/T_Rock_Smooth_Granite_D.uasset" 625
"../../../../../Unreal Projects/SideScroller2d/Content/StarterContent/Materials/M_CobbleStone_Rough.uasset" 626
"../../../../../Unreal Projects/SideScroller2d/Content/StarterContent/Textures/T_CobbleStone_Smooth_D.uasset" 627
"../../../../../Unreal Projects/SideScroller2d/Content/StarterContent/Textures/T_CobbleStone_Smooth_M.uasset" 628
"../../../../../Unreal Projects/SideScroller2d/Content/StarterContent/Textures/T_CobbleStone_Smooth_N.uasset" 629
"../../../../../Unreal Projects/SideScroller2d/Content/StarterContent/Materials/M_CobbleStone_Smooth.uasset" 630
"../../../../../Unreal Projects/SideScroller2d/Content/StarterContent/Textures/T_Concrete_Grime_D.uasset" 631
"../../../../../Unreal Projects/SideScroller2d/Content/StarterContent/Textures/T_Metal_Rust_N.uasset" 632
"../../../../../Unreal Projects/SideScroller2d/Content/StarterContent/Materials/M_Concrete_Grime.uasset" 633
"../../../../../Unreal Projects/SideScroller2d/Content/StarterContent/Textures/T_Concrete_Panels_D.uasset" 634
"../../../../../Unreal Projects/SideScroller2d/Content/StarterContent/Textures/T_Concrete_Panels_N.uasset" 635
"../../../../../Unreal Projects/SideScroller2d/Content/StarterContent/Materials/M_Concrete_Panels.uasset" 636
"../../../../../Unreal Projects/SideScroller2d/Content/StarterContent/Textures/T_Concrete_Poured_D.uasset" 637
"../../../../../Unreal Projects/SideScroller2d/Content/StarterContent/Textures/T_Concrete_Poured_N.uasset" 638
"../../../../../Unreal Projects/SideScroller2d/Content/StarterContent/Materials/M_Concrete_Poured.uasset" 639
"../../../../../Unreal Projects/SideScroller2d/Content/StarterContent/Textures/T_Concrete_Tiles_D.uasset" 640
"../../../../../Unreal Projects/SideScroller2d/Content/StarterContent/Textures/T_Concrete_Tiles_M.uasset" 641
"../../../../../Unreal Projects/SideScroller2d/Content/StarterContent/Textures/T_Concrete_Tiles_N.uasset" 642
"../../../../../Unreal Projects/SideScroller2d/Content/StarterContent/Textures/T_Concrete_Tiles_Variation_M.uasset" 643
"../../../../../Unreal Projects/SideScroller2d/Content/StarterContent/Materials/M_Concrete_Tiles.uasset" 644
"../../../../../Unreal Projects/SideScroller2d/Content/StarterContent/Textures/T_Ground_Grass_D.uasset" 645
"../../../../../Unreal Projects/SideScroller2d/Content/StarterContent/Textures/T_Ground_Grass_N.uasset" 646
"../../../../../Unreal Projects/SideScroller2d/Content/StarterContent/Materials/M_Ground_Grass.uasset" 647
"../../../../../Unreal Projects/SideScroller2d/Content/StarterContent/Textures/T_Ground_Gravel_D.uasset" 648
"../../../../../Unreal Projects/SideScroller2d/Content/StarterContent/Textures/T_Ground_Gravel_N.uasset" 649
"../../../../../Unreal Projects/SideScroller2d/Content/StarterContent/Materials/M_Ground_Gravel.uasset" 650
"../../../../../Unreal Projects/SideScroller2d/Content/StarterContent/Textures/T_ground_Moss_D.uasset" 651
"../../../../../Unreal Projects/SideScroller2d/Content/StarterContent/Textures/T_Ground_Moss_N.uasset" 652
"../../../../../Unreal Projects/SideScroller2d/Content/StarterContent/Materials/M_Ground_Moss.uasset" 653
"../../../../../Unreal Projects/SideScroller2d/Content/StarterContent/Materials/M_Metal_Chrome.uasset" 654
"../../../../../Unreal Projects/SideScroller2d/Content/StarterContent/Textures/T_Metal_Gold_D.uasset" 655
"../../../../../Unreal Projects/SideScroller2d/Content/StarterContent/Materials/M_Metal_Gold.uasset" 656
"../../../../../Unreal Projects/SideScroller2d/Content/StarterContent/Textures/T_Metal_Rust_D.uasset" 657
"../../../../../Unreal Projects/SideScroller2d/Content/StarterContent/Materials/M_Metal_Rust.uasset" 658
"../../../../../Unreal Projects/SideScroller2d/Content/StarterContent/Textures/T_Metal_Steel_D.uasset" 659
"../../../../../Unreal Projects/SideScroller2d/Content/StarterContent/Textures/T_Metal_Steel_N.uasset" 660
"../../../../../Unreal Projects/SideScroller2d/Content/StarterContent/Materials/M_Metal_Steel.uasset" 661
"../../../../../Unreal Projects/SideScroller2d/Content/StarterContent/Textures/T_Rock_Basalt_N.uasset" 662
"../../../../../Unreal Projects/SideScroller2d/Content/StarterContent/Materials/M_Rock_Basalt.uasset" 663
"../../../../../Unreal Projects/SideScroller2d/Content/StarterContent/Materials/M_Rock_Marble_Polished.uasset" 664
"../../../../../Unreal Projects/SideScroller2d/Content/StarterContent/Textures/T_Rock_Sandstone_D.uasset" 665
"../../../../../Unreal Projects/SideScroller2d/Content/StarterContent/Textures/T_Rock_Sandstone_N.uasset" 666
"../../../../../Unreal Projects/SideScroller2d/Content/StarterContent/Materials/M_Rock_Sandstone.uasset" 667
"../../../../../Unreal Projects/SideScroller2d/Content/StarterContent/Textures/T_Rock_Slate_D.uasset" 668
"../../../../../Unreal Projects/SideScroller2d/Content/StarterContent/Textures/T_Rock_Slate_N.uasset" 669
"../../../../../Unreal Projects/SideScroller2d/Content/StarterContent/Materials/M_Rock_Slate.uasset" 670
"../../../../../Unreal Projects/SideScroller2d/Content/StarterContent/Textures/T_Checker_Noise_M.uasset" 671
"../../../../../Unreal Projects/SideScroller2d/Content/StarterContent/Textures/T_Single_Tile_N.uasset" 672
"../../../../../Unreal Projects/SideScroller2d/Content/StarterContent/Textures/T_Tech_Dot_M.uasset" 673
"../../../../../Unreal Projects/SideScroller2d/Content/StarterContent/Textures/T_Tech_Dot_N.uasset" 674
"../../../../../Unreal Projects/SideScroller2d/Content/StarterContent/Materials/M_Tech_Checker_Dot.uasset" 675
"../../../../../Unreal Projects/SideScroller2d/Content/StarterContent/Textures/T_Tech_Hex_Tile_M.uasset" 676
"../../../../../Unreal Projects/SideScroller2d/Content/StarterContent/Textures/T_Tech_Hex_Tile_N.uasset" 677
"../../../../../Unreal Projects/SideScroller2d/Content/StarterContent/Materials/M_Tech_Hex_Tile.uasset" 678
"../../../../../Unreal Projects/SideScroller2d/Content/StarterContent/Materials/M_Tech_Hex_Tile_Pulse.uasset" 679
"../../../../../Unreal Projects/SideScroller2d/Content/StarterContent/Textures/T_Tech_Panel_M.uasset" 680
"../../../../../Unreal Projects/SideScroller2d/Content/StarterContent/Textures/T_Tech_Panel_N.uasset" 681
"../../../../../Unreal Projects/SideScroller2d/Content/StarterContent/Materials/M_Tech_Panel.uasset" 682
"../../../../../Unreal Projects/SideScroller2d/Content/StarterContent/Materials/M_Water_Lake.uasset" 683
"../../../../../Unreal Projects/SideScroller2d/Content/StarterContent/Textures/T_Water_M.uasset" 684
"../../../../../Unreal Projects/SideScroller2d/Content/StarterContent/Materials/M_Water_Ocean.uasset" 685
"../../../../../Unreal Projects/SideScroller2d/Content/StarterContent/Textures/T_Wood_Floor_Walnut_D.uasset" 686
"../../../../../Unreal Projects/SideScroller2d/Content/StarterContent/Textures/T_Wood_Floor_Walnut_M.uasset" 687
"../../../../../Unreal Projects/SideScroller2d/Content/StarterContent/Textures/T_Wood_Floor_Walnut_N.uasset" 688
"../../../../../Unreal Projects/SideScroller2d/Content/StarterContent/Materials/M_Wood_Floor_Walnut_Polished.uasset" 689
"../../../Engine/Content/Functions/Engine_MaterialFunctions01/Opacity/AlphaOffset.uasset" 690
"../../../../../Unreal Projects/SideScroller2d/Content/StarterContent/Materials/M_Wood_Floor_Walnut_Worn.uasset" 691
"../../../../../Unreal Projects/SideScroller2d/Content/StarterContent/Textures/T_Wood_Oak_D.uasset" 692
"../../../../../Unreal Projects/SideScroller2d/Content/StarterContent/Textures/T_Wood_Oak_N.uasset" 693
"../../../../../Unreal Projects/SideScroller2d/Content/StarterContent/Materials/M_Wood_Oak.uasset" 694
"../../../../../Unreal Projects/SideScroller2d/Content/StarterContent/Textures/T_Wood_Pine_D.uasset" 695
"../../../../../Unreal Projects/SideScroller2d/Content/StarterContent/Textures/T_Wood_Pine_N.uasset" 696
"../../../../../Unreal Projects/SideScroller2d/Content/StarterContent/Materials/M_Wood_Pine.uasset" 697
"../../../../../Unreal Projects/SideScroller2d/Content/StarterContent/Textures/T_Wood_Walnut_D.uasset" 698
"../../../../../Unreal Projects/SideScroller2d/Content/StarterContent/Textures/T_Wood_Walnut_N.uasset" 699
"../../../../../Unreal Projects/SideScroller2d/Content/StarterContent/Materials/M_Wood_Walnut.uasset" 700
"../../../../../Unreal Projects/SideScroller2d/Content/StarterContent/Architecture/Wall_400x200.uasset" 701
"../../../../../Unreal Projects/SideScroller2d/Content/StarterContent/Architecture/Wall_Door_400x300.uasset" 702
"../../../../../Unreal Projects/SideScroller2d/Content/StarterContent/Architecture/Wall_Window_400x300.uasset" 703
"../../../../../Unreal Projects/SideScroller2d/Content/StarterContent/Audio/Collapse_Cue.uasset" 704
"../../../../../Unreal Projects/SideScroller2d/Content/StarterContent/Audio/Starter_Music_Cue.uasset" 705
"../../../../../Unreal Projects/SideScroller2d/Content/StarterContent/Textures/T_Dust_Particle_D.uasset" 706
"../../../../../Unreal Projects/SideScroller2d/Content/StarterContent/Particles/Materials/M_Dust_Particle.uasset" 707
"../../../../../Unreal Projects/SideScroller2d/Content/StarterContent/Particles/P_Ambient_Dust.uasset" 708
"../../../../../Unreal Projects/SideScroller2d/Content/StarterContent/Props/MaterialSphere.uasset" 709
"../../../../../Unreal Projects/SideScroller2d/Content/StarterContent/Textures/T_Frame_M.uasset" 710
"../../../../../Unreal Projects/SideScroller2d/Content/StarterContent/Textures/T_Frame_N.uasset" 711
"../../../../../Unreal Projects/SideScroller2d/Content/StarterContent/Props/Materials/M_Frame.uasset" 712
"../../../../../Unreal Projects/SideScroller2d/Content/StarterContent/Props/SM_CornerFrame.uasset" 713
"../../../../../Unreal Projects/SideScroller2d/Content/StarterContent/Props/SM_DoorFrame.uasset" 714
"../../../../../Unreal Projects/SideScroller2d/Content/StarterContent/Props/SM_GlassWindow.uasset" 715
"../../../../../Unreal Projects/SideScroller2d/Content/StarterContent/Props/SM_PillarFrame.uasset" 716
"../../../../../Unreal Projects/SideScroller2d/Content/StarterContent/Props/SM_PillarFrame300.uasset" 717
"../../../../../Unreal Projects/SideScroller2d/Content/StarterContent/Props/SM_WindowFrame.uasset" 718
"../../../../../Unreal Projects/SideScroller2d/Content/StarterContent/Shapes/Shape_Cube.uasset" 719
"../../../../../Unreal Projects/SideScroller2d/Content/StarterContent/Shapes/Shape_QuadPyramid.uasset" 720
"../../../../../Unreal Projects/SideScroller2d/Content/StarterContent/Shapes/Shape_Sphere.uasset" 721
"../../../../../Unreal Projects/SideScroller2d/Content/StarterContent/Maps/StarterMap.umap" 722
"../../../Engine/Content/Maps/Entry_BuiltData.uasset" 723
"../../../Engine/Content/Maps/Entry.umap" 724
